<?xml version="1.0" encoding="UTF-8"?>
<testsuites>
  <testsuite name="/home/artur/projects/rector-bc-library/phpunit.xml.dist" tests="30" assertions="37" errors="0" failures="0" skipped="0" time="0.878418">
    <testsuite name="default" tests="30" assertions="37" errors="0" failures="0" skipped="0" time="0.878418">
      <testsuite name="Art4\RectorBcLibrary\Tests\Rector\BackwardCompatibilityReturnTypeFromReturnNewRector\BackwardCompatibilityReturnTypeFromReturnNewRectorTest" file="/home/artur/projects/rector-bc-library/tests/Rector/BackwardCompatibilityReturnTypeFromReturnNewRector/BackwardCompatibilityReturnTypeFromReturnNewRectorTest.php" tests="4" assertions="5" errors="0" failures="0" skipped="0" time="0.577604">
        <testsuite name="Art4\RectorBcLibrary\Tests\Rector\BackwardCompatibilityReturnTypeFromReturnNewRector\BackwardCompatibilityReturnTypeFromReturnNewRectorTest::test" tests="4" assertions="5" errors="0" failures="0" skipped="0" time="0.577604">
          <testcase name="test with data set #0" file="/home/artur/projects/rector-bc-library/tests/Rector/BackwardCompatibilityReturnTypeFromReturnNewRector/BackwardCompatibilityReturnTypeFromReturnNewRectorTest.php" line="17" class="Art4\RectorBcLibrary\Tests\Rector\BackwardCompatibilityReturnTypeFromReturnNewRector\BackwardCompatibilityReturnTypeFromReturnNewRectorTest" classname="Art4.RectorBcLibrary.Tests.Rector.BackwardCompatibilityReturnTypeFromReturnNewRector.BackwardCompatibilityReturnTypeFromReturnNewRectorTest" assertions="2" time="0.563568"/>
          <testcase name="test with data set #1" file="/home/artur/projects/rector-bc-library/tests/Rector/BackwardCompatibilityReturnTypeFromReturnNewRector/BackwardCompatibilityReturnTypeFromReturnNewRectorTest.php" line="17" class="Art4\RectorBcLibrary\Tests\Rector\BackwardCompatibilityReturnTypeFromReturnNewRector\BackwardCompatibilityReturnTypeFromReturnNewRectorTest" classname="Art4.RectorBcLibrary.Tests.Rector.BackwardCompatibilityReturnTypeFromReturnNewRector.BackwardCompatibilityReturnTypeFromReturnNewRectorTest" assertions="1" time="0.004519"/>
          <testcase name="test with data set #2" file="/home/artur/projects/rector-bc-library/tests/Rector/BackwardCompatibilityReturnTypeFromReturnNewRector/BackwardCompatibilityReturnTypeFromReturnNewRectorTest.php" line="17" class="Art4\RectorBcLibrary\Tests\Rector\BackwardCompatibilityReturnTypeFromReturnNewRector\BackwardCompatibilityReturnTypeFromReturnNewRectorTest" classname="Art4.RectorBcLibrary.Tests.Rector.BackwardCompatibilityReturnTypeFromReturnNewRector.BackwardCompatibilityReturnTypeFromReturnNewRectorTest" assertions="1" time="0.005815"/>
          <testcase name="test with data set #3" file="/home/artur/projects/rector-bc-library/tests/Rector/BackwardCompatibilityReturnTypeFromReturnNewRector/BackwardCompatibilityReturnTypeFromReturnNewRectorTest.php" line="17" class="Art4\RectorBcLibrary\Tests\Rector\BackwardCompatibilityReturnTypeFromReturnNewRector\BackwardCompatibilityReturnTypeFromReturnNewRectorTest" classname="Art4.RectorBcLibrary.Tests.Rector.BackwardCompatibilityReturnTypeFromReturnNewRector.BackwardCompatibilityReturnTypeFromReturnNewRectorTest" assertions="1" time="0.003701"/>
        </testsuite>
      </testsuite>
      <testsuite name="Art4\RectorBcLibrary\Tests\Rector\BackwardCompatibleBoolReturnTypeFromBooleanConstReturnsRector\BackwardCompatibleBoolReturnTypeFromBooleanConstReturnsRectorTest" file="/home/artur/projects/rector-bc-library/tests/Rector/BackwardCompatibleBoolReturnTypeFromBooleanConstReturnsRector/BackwardCompatibleBoolReturnTypeFromBooleanConstReturnsRectorTest.php" tests="5" assertions="6" errors="0" failures="0" skipped="0" time="0.041898">
        <testsuite name="Art4\RectorBcLibrary\Tests\Rector\BackwardCompatibleBoolReturnTypeFromBooleanConstReturnsRector\BackwardCompatibleBoolReturnTypeFromBooleanConstReturnsRectorTest::test" tests="5" assertions="6" errors="0" failures="0" skipped="0" time="0.041898">
          <testcase name="test with data set #0" file="/home/artur/projects/rector-bc-library/tests/Rector/BackwardCompatibleBoolReturnTypeFromBooleanConstReturnsRector/BackwardCompatibleBoolReturnTypeFromBooleanConstReturnsRectorTest.php" line="17" class="Art4\RectorBcLibrary\Tests\Rector\BackwardCompatibleBoolReturnTypeFromBooleanConstReturnsRector\BackwardCompatibleBoolReturnTypeFromBooleanConstReturnsRectorTest" classname="Art4.RectorBcLibrary.Tests.Rector.BackwardCompatibleBoolReturnTypeFromBooleanConstReturnsRector.BackwardCompatibleBoolReturnTypeFromBooleanConstReturnsRectorTest" assertions="2" time="0.022742"/>
          <testcase name="test with data set #1" file="/home/artur/projects/rector-bc-library/tests/Rector/BackwardCompatibleBoolReturnTypeFromBooleanConstReturnsRector/BackwardCompatibleBoolReturnTypeFromBooleanConstReturnsRectorTest.php" line="17" class="Art4\RectorBcLibrary\Tests\Rector\BackwardCompatibleBoolReturnTypeFromBooleanConstReturnsRector\BackwardCompatibleBoolReturnTypeFromBooleanConstReturnsRectorTest" classname="Art4.RectorBcLibrary.Tests.Rector.BackwardCompatibleBoolReturnTypeFromBooleanConstReturnsRector.BackwardCompatibleBoolReturnTypeFromBooleanConstReturnsRectorTest" assertions="1" time="0.007899"/>
          <testcase name="test with data set #2" file="/home/artur/projects/rector-bc-library/tests/Rector/BackwardCompatibleBoolReturnTypeFromBooleanConstReturnsRector/BackwardCompatibleBoolReturnTypeFromBooleanConstReturnsRectorTest.php" line="17" class="Art4\RectorBcLibrary\Tests\Rector\BackwardCompatibleBoolReturnTypeFromBooleanConstReturnsRector\BackwardCompatibleBoolReturnTypeFromBooleanConstReturnsRectorTest" classname="Art4.RectorBcLibrary.Tests.Rector.BackwardCompatibleBoolReturnTypeFromBooleanConstReturnsRector.BackwardCompatibleBoolReturnTypeFromBooleanConstReturnsRectorTest" assertions="1" time="0.003401"/>
          <testcase name="test with data set #3" file="/home/artur/projects/rector-bc-library/tests/Rector/BackwardCompatibleBoolReturnTypeFromBooleanConstReturnsRector/BackwardCompatibleBoolReturnTypeFromBooleanConstReturnsRectorTest.php" line="17" class="Art4\RectorBcLibrary\Tests\Rector\BackwardCompatibleBoolReturnTypeFromBooleanConstReturnsRector\BackwardCompatibleBoolReturnTypeFromBooleanConstReturnsRectorTest" classname="Art4.RectorBcLibrary.Tests.Rector.BackwardCompatibleBoolReturnTypeFromBooleanConstReturnsRector.BackwardCompatibleBoolReturnTypeFromBooleanConstReturnsRectorTest" assertions="1" time="0.003999"/>
          <testcase name="test with data set #4" file="/home/artur/projects/rector-bc-library/tests/Rector/BackwardCompatibleBoolReturnTypeFromBooleanConstReturnsRector/BackwardCompatibleBoolReturnTypeFromBooleanConstReturnsRectorTest.php" line="17" class="Art4\RectorBcLibrary\Tests\Rector\BackwardCompatibleBoolReturnTypeFromBooleanConstReturnsRector\BackwardCompatibleBoolReturnTypeFromBooleanConstReturnsRectorTest" classname="Art4.RectorBcLibrary.Tests.Rector.BackwardCompatibleBoolReturnTypeFromBooleanConstReturnsRector.BackwardCompatibleBoolReturnTypeFromBooleanConstReturnsRectorTest" assertions="1" time="0.003856"/>
        </testsuite>
      </testsuite>
      <testsuite name="Art4\RectorBcLibrary\Tests\Rector\BackwardCompatibleBoolReturnTypeFromBooleanStrictReturnsRector\BackwardCompatibleBoolReturnTypeFromBooleanStrictReturnsRectorTest" file="/home/artur/projects/rector-bc-library/tests/Rector/BackwardCompatibleBoolReturnTypeFromBooleanStrictReturnsRector/BackwardCompatibleBoolReturnTypeFromBooleanStrictReturnsRectorTest.php" tests="5" assertions="6" errors="0" failures="0" skipped="0" time="0.033919">
        <testsuite name="Art4\RectorBcLibrary\Tests\Rector\BackwardCompatibleBoolReturnTypeFromBooleanStrictReturnsRector\BackwardCompatibleBoolReturnTypeFromBooleanStrictReturnsRectorTest::test" tests="5" assertions="6" errors="0" failures="0" skipped="0" time="0.033919">
          <testcase name="test with data set #0" file="/home/artur/projects/rector-bc-library/tests/Rector/BackwardCompatibleBoolReturnTypeFromBooleanStrictReturnsRector/BackwardCompatibleBoolReturnTypeFromBooleanStrictReturnsRectorTest.php" line="17" class="Art4\RectorBcLibrary\Tests\Rector\BackwardCompatibleBoolReturnTypeFromBooleanStrictReturnsRector\BackwardCompatibleBoolReturnTypeFromBooleanStrictReturnsRectorTest" classname="Art4.RectorBcLibrary.Tests.Rector.BackwardCompatibleBoolReturnTypeFromBooleanStrictReturnsRector.BackwardCompatibleBoolReturnTypeFromBooleanStrictReturnsRectorTest" assertions="2" time="0.009763"/>
          <testcase name="test with data set #1" file="/home/artur/projects/rector-bc-library/tests/Rector/BackwardCompatibleBoolReturnTypeFromBooleanStrictReturnsRector/BackwardCompatibleBoolReturnTypeFromBooleanStrictReturnsRectorTest.php" line="17" class="Art4\RectorBcLibrary\Tests\Rector\BackwardCompatibleBoolReturnTypeFromBooleanStrictReturnsRector\BackwardCompatibleBoolReturnTypeFromBooleanStrictReturnsRectorTest" classname="Art4.RectorBcLibrary.Tests.Rector.BackwardCompatibleBoolReturnTypeFromBooleanStrictReturnsRector.BackwardCompatibleBoolReturnTypeFromBooleanStrictReturnsRectorTest" assertions="1" time="0.008240"/>
          <testcase name="test with data set #2" file="/home/artur/projects/rector-bc-library/tests/Rector/BackwardCompatibleBoolReturnTypeFromBooleanStrictReturnsRector/BackwardCompatibleBoolReturnTypeFromBooleanStrictReturnsRectorTest.php" line="17" class="Art4\RectorBcLibrary\Tests\Rector\BackwardCompatibleBoolReturnTypeFromBooleanStrictReturnsRector\BackwardCompatibleBoolReturnTypeFromBooleanStrictReturnsRectorTest" classname="Art4.RectorBcLibrary.Tests.Rector.BackwardCompatibleBoolReturnTypeFromBooleanStrictReturnsRector.BackwardCompatibleBoolReturnTypeFromBooleanStrictReturnsRectorTest" assertions="1" time="0.004973"/>
          <testcase name="test with data set #3" file="/home/artur/projects/rector-bc-library/tests/Rector/BackwardCompatibleBoolReturnTypeFromBooleanStrictReturnsRector/BackwardCompatibleBoolReturnTypeFromBooleanStrictReturnsRectorTest.php" line="17" class="Art4\RectorBcLibrary\Tests\Rector\BackwardCompatibleBoolReturnTypeFromBooleanStrictReturnsRector\BackwardCompatibleBoolReturnTypeFromBooleanStrictReturnsRectorTest" classname="Art4.RectorBcLibrary.Tests.Rector.BackwardCompatibleBoolReturnTypeFromBooleanStrictReturnsRector.BackwardCompatibleBoolReturnTypeFromBooleanStrictReturnsRectorTest" assertions="1" time="0.005454"/>
          <testcase name="test with data set #4" file="/home/artur/projects/rector-bc-library/tests/Rector/BackwardCompatibleBoolReturnTypeFromBooleanStrictReturnsRector/BackwardCompatibleBoolReturnTypeFromBooleanStrictReturnsRectorTest.php" line="17" class="Art4\RectorBcLibrary\Tests\Rector\BackwardCompatibleBoolReturnTypeFromBooleanStrictReturnsRector\BackwardCompatibleBoolReturnTypeFromBooleanStrictReturnsRectorTest" classname="Art4.RectorBcLibrary.Tests.Rector.BackwardCompatibleBoolReturnTypeFromBooleanStrictReturnsRector.BackwardCompatibleBoolReturnTypeFromBooleanStrictReturnsRectorTest" assertions="1" time="0.005489"/>
        </testsuite>
      </testsuite>
      <testsuite name="Art4\RectorBcLibrary\Tests\Rector\BackwardCompatibleReturnTypeFromStrictConstantReturnRector\BackwardCompatibleReturnTypeFromStrictConstantReturnRectorTest" file="/home/artur/projects/rector-bc-library/tests/Rector/BackwardCompatibleReturnTypeFromStrictConstantReturnRector/BackwardCompatibleReturnTypeFromStrictConstantReturnRectorTest.php" tests="6" assertions="7" errors="0" failures="0" skipped="0" time="0.043590">
        <testsuite name="Art4\RectorBcLibrary\Tests\Rector\BackwardCompatibleReturnTypeFromStrictConstantReturnRector\BackwardCompatibleReturnTypeFromStrictConstantReturnRectorTest::test" tests="6" assertions="7" errors="0" failures="0" skipped="0" time="0.043590">
          <testcase name="test with data set #0" file="/home/artur/projects/rector-bc-library/tests/Rector/BackwardCompatibleReturnTypeFromStrictConstantReturnRector/BackwardCompatibleReturnTypeFromStrictConstantReturnRectorTest.php" line="17" class="Art4\RectorBcLibrary\Tests\Rector\BackwardCompatibleReturnTypeFromStrictConstantReturnRector\BackwardCompatibleReturnTypeFromStrictConstantReturnRectorTest" classname="Art4.RectorBcLibrary.Tests.Rector.BackwardCompatibleReturnTypeFromStrictConstantReturnRector.BackwardCompatibleReturnTypeFromStrictConstantReturnRectorTest" assertions="2" time="0.012237"/>
          <testcase name="test with data set #1" file="/home/artur/projects/rector-bc-library/tests/Rector/BackwardCompatibleReturnTypeFromStrictConstantReturnRector/BackwardCompatibleReturnTypeFromStrictConstantReturnRectorTest.php" line="17" class="Art4\RectorBcLibrary\Tests\Rector\BackwardCompatibleReturnTypeFromStrictConstantReturnRector\BackwardCompatibleReturnTypeFromStrictConstantReturnRectorTest" classname="Art4.RectorBcLibrary.Tests.Rector.BackwardCompatibleReturnTypeFromStrictConstantReturnRector.BackwardCompatibleReturnTypeFromStrictConstantReturnRectorTest" assertions="1" time="0.007848"/>
          <testcase name="test with data set #2" file="/home/artur/projects/rector-bc-library/tests/Rector/BackwardCompatibleReturnTypeFromStrictConstantReturnRector/BackwardCompatibleReturnTypeFromStrictConstantReturnRectorTest.php" line="17" class="Art4\RectorBcLibrary\Tests\Rector\BackwardCompatibleReturnTypeFromStrictConstantReturnRector\BackwardCompatibleReturnTypeFromStrictConstantReturnRectorTest" classname="Art4.RectorBcLibrary.Tests.Rector.BackwardCompatibleReturnTypeFromStrictConstantReturnRector.BackwardCompatibleReturnTypeFromStrictConstantReturnRectorTest" assertions="1" time="0.005310"/>
          <testcase name="test with data set #3" file="/home/artur/projects/rector-bc-library/tests/Rector/BackwardCompatibleReturnTypeFromStrictConstantReturnRector/BackwardCompatibleReturnTypeFromStrictConstantReturnRectorTest.php" line="17" class="Art4\RectorBcLibrary\Tests\Rector\BackwardCompatibleReturnTypeFromStrictConstantReturnRector\BackwardCompatibleReturnTypeFromStrictConstantReturnRectorTest" classname="Art4.RectorBcLibrary.Tests.Rector.BackwardCompatibleReturnTypeFromStrictConstantReturnRector.BackwardCompatibleReturnTypeFromStrictConstantReturnRectorTest" assertions="1" time="0.007298"/>
          <testcase name="test with data set #4" file="/home/artur/projects/rector-bc-library/tests/Rector/BackwardCompatibleReturnTypeFromStrictConstantReturnRector/BackwardCompatibleReturnTypeFromStrictConstantReturnRectorTest.php" line="17" class="Art4\RectorBcLibrary\Tests\Rector\BackwardCompatibleReturnTypeFromStrictConstantReturnRector\BackwardCompatibleReturnTypeFromStrictConstantReturnRectorTest" classname="Art4.RectorBcLibrary.Tests.Rector.BackwardCompatibleReturnTypeFromStrictConstantReturnRector.BackwardCompatibleReturnTypeFromStrictConstantReturnRectorTest" assertions="1" time="0.004935"/>
          <testcase name="test with data set #5" file="/home/artur/projects/rector-bc-library/tests/Rector/BackwardCompatibleReturnTypeFromStrictConstantReturnRector/BackwardCompatibleReturnTypeFromStrictConstantReturnRectorTest.php" line="17" class="Art4\RectorBcLibrary\Tests\Rector\BackwardCompatibleReturnTypeFromStrictConstantReturnRector\BackwardCompatibleReturnTypeFromStrictConstantReturnRectorTest" classname="Art4.RectorBcLibrary.Tests.Rector.BackwardCompatibleReturnTypeFromStrictConstantReturnRector.BackwardCompatibleReturnTypeFromStrictConstantReturnRectorTest" assertions="1" time="0.005961"/>
        </testsuite>
      </testsuite>
      <testsuite name="Art4\RectorBcLibrary\Tests\Rector\BackwardCompatibleReturnTypeFromStrictNewArrayRector\BackwardCompatibleReturnTypeFromStrictNewArrayRectorTest" file="/home/artur/projects/rector-bc-library/tests/Rector/BackwardCompatibleReturnTypeFromStrictNewArrayRector/BackwardCompatibleReturnTypeFromStrictNewArrayRectorTest.php" tests="4" assertions="5" errors="0" failures="0" skipped="0" time="0.030755">
        <testsuite name="Art4\RectorBcLibrary\Tests\Rector\BackwardCompatibleReturnTypeFromStrictNewArrayRector\BackwardCompatibleReturnTypeFromStrictNewArrayRectorTest::test" tests="4" assertions="5" errors="0" failures="0" skipped="0" time="0.030755">
          <testcase name="test with data set #0" file="/home/artur/projects/rector-bc-library/tests/Rector/BackwardCompatibleReturnTypeFromStrictNewArrayRector/BackwardCompatibleReturnTypeFromStrictNewArrayRectorTest.php" line="17" class="Art4\RectorBcLibrary\Tests\Rector\BackwardCompatibleReturnTypeFromStrictNewArrayRector\BackwardCompatibleReturnTypeFromStrictNewArrayRectorTest" classname="Art4.RectorBcLibrary.Tests.Rector.BackwardCompatibleReturnTypeFromStrictNewArrayRector.BackwardCompatibleReturnTypeFromStrictNewArrayRectorTest" assertions="2" time="0.013336"/>
          <testcase name="test with data set #1" file="/home/artur/projects/rector-bc-library/tests/Rector/BackwardCompatibleReturnTypeFromStrictNewArrayRector/BackwardCompatibleReturnTypeFromStrictNewArrayRectorTest.php" line="17" class="Art4\RectorBcLibrary\Tests\Rector\BackwardCompatibleReturnTypeFromStrictNewArrayRector\BackwardCompatibleReturnTypeFromStrictNewArrayRectorTest" classname="Art4.RectorBcLibrary.Tests.Rector.BackwardCompatibleReturnTypeFromStrictNewArrayRector.BackwardCompatibleReturnTypeFromStrictNewArrayRectorTest" assertions="1" time="0.006187"/>
          <testcase name="test with data set #2" file="/home/artur/projects/rector-bc-library/tests/Rector/BackwardCompatibleReturnTypeFromStrictNewArrayRector/BackwardCompatibleReturnTypeFromStrictNewArrayRectorTest.php" line="17" class="Art4\RectorBcLibrary\Tests\Rector\BackwardCompatibleReturnTypeFromStrictNewArrayRector\BackwardCompatibleReturnTypeFromStrictNewArrayRectorTest" classname="Art4.RectorBcLibrary.Tests.Rector.BackwardCompatibleReturnTypeFromStrictNewArrayRector.BackwardCompatibleReturnTypeFromStrictNewArrayRectorTest" assertions="1" time="0.005329"/>
          <testcase name="test with data set #3" file="/home/artur/projects/rector-bc-library/tests/Rector/BackwardCompatibleReturnTypeFromStrictNewArrayRector/BackwardCompatibleReturnTypeFromStrictNewArrayRectorTest.php" line="17" class="Art4\RectorBcLibrary\Tests\Rector\BackwardCompatibleReturnTypeFromStrictNewArrayRector\BackwardCompatibleReturnTypeFromStrictNewArrayRectorTest" classname="Art4.RectorBcLibrary.Tests.Rector.BackwardCompatibleReturnTypeFromStrictNewArrayRector.BackwardCompatibleReturnTypeFromStrictNewArrayRectorTest" assertions="1" time="0.005902"/>
        </testsuite>
      </testsuite>
      <testsuite name="Art4\RectorBcLibrary\Tests\Rector\BackwardCompatibleStringReturnTypeFromStrictScalarReturnsRector\BackwardCompatibleStringReturnTypeFromStrictScalarReturnsRectorTest" file="/home/artur/projects/rector-bc-library/tests/Rector/BackwardCompatibleStringReturnTypeFromStrictScalarReturnsRector/BackwardCompatibleStringReturnTypeFromStrictScalarReturnsRectorTest.php" tests="3" assertions="4" errors="0" failures="0" skipped="0" time="0.021508">
        <testsuite name="Art4\RectorBcLibrary\Tests\Rector\BackwardCompatibleStringReturnTypeFromStrictScalarReturnsRector\BackwardCompatibleStringReturnTypeFromStrictScalarReturnsRectorTest::test" tests="3" assertions="4" errors="0" failures="0" skipped="0" time="0.021508">
          <testcase name="test with data set #0" file="/home/artur/projects/rector-bc-library/tests/Rector/BackwardCompatibleStringReturnTypeFromStrictScalarReturnsRector/BackwardCompatibleStringReturnTypeFromStrictScalarReturnsRectorTest.php" line="17" class="Art4\RectorBcLibrary\Tests\Rector\BackwardCompatibleStringReturnTypeFromStrictScalarReturnsRector\BackwardCompatibleStringReturnTypeFromStrictScalarReturnsRectorTest" classname="Art4.RectorBcLibrary.Tests.Rector.BackwardCompatibleStringReturnTypeFromStrictScalarReturnsRector.BackwardCompatibleStringReturnTypeFromStrictScalarReturnsRectorTest" assertions="2" time="0.008304"/>
          <testcase name="test with data set #1" file="/home/artur/projects/rector-bc-library/tests/Rector/BackwardCompatibleStringReturnTypeFromStrictScalarReturnsRector/BackwardCompatibleStringReturnTypeFromStrictScalarReturnsRectorTest.php" line="17" class="Art4\RectorBcLibrary\Tests\Rector\BackwardCompatibleStringReturnTypeFromStrictScalarReturnsRector\BackwardCompatibleStringReturnTypeFromStrictScalarReturnsRectorTest" classname="Art4.RectorBcLibrary.Tests.Rector.BackwardCompatibleStringReturnTypeFromStrictScalarReturnsRector.BackwardCompatibleStringReturnTypeFromStrictScalarReturnsRectorTest" assertions="1" time="0.006914"/>
          <testcase name="test with data set #2" file="/home/artur/projects/rector-bc-library/tests/Rector/BackwardCompatibleStringReturnTypeFromStrictScalarReturnsRector/BackwardCompatibleStringReturnTypeFromStrictScalarReturnsRectorTest.php" line="17" class="Art4\RectorBcLibrary\Tests\Rector\BackwardCompatibleStringReturnTypeFromStrictScalarReturnsRector\BackwardCompatibleStringReturnTypeFromStrictScalarReturnsRectorTest" classname="Art4.RectorBcLibrary.Tests.Rector.BackwardCompatibleStringReturnTypeFromStrictScalarReturnsRector.BackwardCompatibleStringReturnTypeFromStrictScalarReturnsRectorTest" assertions="1" time="0.006289"/>
        </testsuite>
      </testsuite>
      <testsuite name="Art4\RectorBcLibrary\Tests\Rector\BackwardCompatibleStringReturnTypeFromStrictStringReturnsRector\BackwardCompatibleStringReturnTypeFromStrictStringReturnsRectorTest" file="/home/artur/projects/rector-bc-library/tests/Rector/BackwardCompatibleStringReturnTypeFromStrictStringReturnsRector/BackwardCompatibleStringReturnTypeFromStrictStringReturnsRectorTest.php" tests="3" assertions="4" errors="0" failures="0" skipped="0" time="0.129144">
        <testsuite name="Art4\RectorBcLibrary\Tests\Rector\BackwardCompatibleStringReturnTypeFromStrictStringReturnsRector\BackwardCompatibleStringReturnTypeFromStrictStringReturnsRectorTest::test" tests="3" assertions="4" errors="0" failures="0" skipped="0" time="0.129144">
          <testcase name="test with data set #0" file="/home/artur/projects/rector-bc-library/tests/Rector/BackwardCompatibleStringReturnTypeFromStrictStringReturnsRector/BackwardCompatibleStringReturnTypeFromStrictStringReturnsRectorTest.php" line="17" class="Art4\RectorBcLibrary\Tests\Rector\BackwardCompatibleStringReturnTypeFromStrictStringReturnsRector\BackwardCompatibleStringReturnTypeFromStrictStringReturnsRectorTest" classname="Art4.RectorBcLibrary.Tests.Rector.BackwardCompatibleStringReturnTypeFromStrictStringReturnsRector.BackwardCompatibleStringReturnTypeFromStrictStringReturnsRectorTest" assertions="2" time="0.112945"/>
          <testcase name="test with data set #1" file="/home/artur/projects/rector-bc-library/tests/Rector/BackwardCompatibleStringReturnTypeFromStrictStringReturnsRector/BackwardCompatibleStringReturnTypeFromStrictStringReturnsRectorTest.php" line="17" class="Art4\RectorBcLibrary\Tests\Rector\BackwardCompatibleStringReturnTypeFromStrictStringReturnsRector\BackwardCompatibleStringReturnTypeFromStrictStringReturnsRectorTest" classname="Art4.RectorBcLibrary.Tests.Rector.BackwardCompatibleStringReturnTypeFromStrictStringReturnsRector.BackwardCompatibleStringReturnTypeFromStrictStringReturnsRectorTest" assertions="1" time="0.009392"/>
          <testcase name="test with data set #2" file="/home/artur/projects/rector-bc-library/tests/Rector/BackwardCompatibleStringReturnTypeFromStrictStringReturnsRector/BackwardCompatibleStringReturnTypeFromStrictStringReturnsRectorTest.php" line="17" class="Art4\RectorBcLibrary\Tests\Rector\BackwardCompatibleStringReturnTypeFromStrictStringReturnsRector\BackwardCompatibleStringReturnTypeFromStrictStringReturnsRectorTest" classname="Art4.RectorBcLibrary.Tests.Rector.BackwardCompatibleStringReturnTypeFromStrictStringReturnsRector.BackwardCompatibleStringReturnTypeFromStrictStringReturnsRectorTest" assertions="1" time="0.006808"/>
        </testsuite>
      </testsuite>
    </testsuite>
  </testsuite>
</testsuites>
